{
  "stats": {
    "suites": 1,
    "tests": 5,
    "passes": 5,
    "pending": 0,
    "failures": 0,
    "start": "2022-12-25T12:01:48.058Z",
    "end": "2022-12-25T12:01:55.496Z",
    "duration": 7438,
    "testsRegistered": 5,
    "passPercent": 100,
    "pendingPercent": 0,
    "other": 0,
    "hasOther": false,
    "skipped": 0,
    "hasSkipped": false
  },
  "results": [
    {
      "uuid": "575d956f-9431-460a-a625-7ea6ac91149b",
      "title": "",
      "fullFile": "cypress\\e2e\\POMTests\\HomePageTests.cy.js",
      "file": "cypress\\e2e\\POMTests\\HomePageTests.cy.js",
      "beforeHooks": [],
      "afterHooks": [],
      "tests": [],
      "suites": [
        {
          "uuid": "75cee09a-c0ca-453f-b9d7-10fd5a3e9cda",
          "title": "Home Page Test Cases",
          "fullFile": "",
          "file": "",
          "beforeHooks": [],
          "afterHooks": [],
          "tests": [
            {
              "title": "Test Case 1 : Verify page title",
              "fullTitle": "Home Page Test Cases Test Case 1 : Verify page title",
              "timedOut": null,
              "duration": 949,
              "state": "passed",
              "speed": "fast",
              "pass": true,
              "fail": false,
              "pending": false,
              "context": null,
              "code": "homeactions.verifyPagetitle();",
              "err": {},
              "uuid": "14417aa6-734c-4338-90da-76f65dae39d6",
              "parentUUID": "75cee09a-c0ca-453f-b9d7-10fd5a3e9cda",
              "isHook": false,
              "skipped": false
            },
            {
              "title": "Test Case 2 : Verify page current url",
              "fullTitle": "Home Page Test Cases Test Case 2 : Verify page current url",
              "timedOut": null,
              "duration": 774,
              "state": "passed",
              "speed": "fast",
              "pass": true,
              "fail": false,
              "pending": false,
              "context": null,
              "code": "homeactions.verifyPagecurrentURL();",
              "err": {},
              "uuid": "ae4b1e56-4130-4517-bd61-b9cac2d813a3",
              "parentUUID": "75cee09a-c0ca-453f-b9d7-10fd5a3e9cda",
              "isHook": false,
              "skipped": false
            },
            {
              "title": "Test Case 3 : Click More button",
              "fullTitle": "Home Page Test Cases Test Case 3 : Click More button",
              "timedOut": null,
              "duration": 1263,
              "state": "passed",
              "speed": "fast",
              "pass": true,
              "fail": false,
              "pending": false,
              "context": null,
              "code": "homeactions.clickReadMoreBtn();",
              "err": {},
              "uuid": "5802a548-7ffb-4a1b-a5eb-42f61399dd6e",
              "parentUUID": "75cee09a-c0ca-453f-b9d7-10fd5a3e9cda",
              "isHook": false,
              "skipped": false
            },
            {
              "title": "Test Case 4 : Click Navigation Bar",
              "fullTitle": "Home Page Test Cases Test Case 4 : Click Navigation Bar",
              "timedOut": null,
              "duration": 1025,
              "state": "passed",
              "speed": "fast",
              "pass": true,
              "fail": false,
              "pending": false,
              "context": null,
              "code": "homeactions.clickNavBar();",
              "err": {},
              "uuid": "888a419b-5858-4288-b5fe-d6face124ba3",
              "parentUUID": "75cee09a-c0ca-453f-b9d7-10fd5a3e9cda",
              "isHook": false,
              "skipped": false
            },
            {
              "title": "Test Case 5 : Verify Navigation Bar Options",
              "fullTitle": "Home Page Test Cases Test Case 5 : Verify Navigation Bar Options",
              "timedOut": null,
              "duration": 1188,
              "state": "passed",
              "speed": "fast",
              "pass": true,
              "fail": false,
              "pending": false,
              "context": null,
              "code": "homeactions.verifyNavBarOptionList();",
              "err": {},
              "uuid": "32be122a-0962-403d-8f46-980a4bd30d93",
              "parentUUID": "75cee09a-c0ca-453f-b9d7-10fd5a3e9cda",
              "isHook": false,
              "skipped": false
            }
          ],
          "suites": [],
          "passes": [
            "14417aa6-734c-4338-90da-76f65dae39d6",
            "ae4b1e56-4130-4517-bd61-b9cac2d813a3",
            "5802a548-7ffb-4a1b-a5eb-42f61399dd6e",
            "888a419b-5858-4288-b5fe-d6face124ba3",
            "32be122a-0962-403d-8f46-980a4bd30d93"
          ],
          "failures": [],
          "pending": [],
          "skipped": [],
          "duration": 5199,
          "root": false,
          "rootEmpty": false,
          "_timeout": 2000
        }
      ],
      "passes": [],
      "failures": [],
      "pending": [],
      "skipped": [],
      "duration": 0,
      "root": true,
      "rootEmpty": true,
      "_timeout": 2000
    }
  ],
  "meta": {
    "mocha": {
      "version": "7.0.1"
    },
    "mochawesome": {
      "options": {
        "quiet": false,
        "reportFilename": "mochawesome",
        "saveHtml": false,
        "saveJson": true,
        "consoleReporter": "spec",
        "useInlineDiffs": false,
        "code": true
      },
      "version": "7.1.3"
    },
    "marge": {
      "options": {
        "id": "default",
        "reportDir": "cypress/reports/mocha",
        "quite": true,
        "overwrite": false,
        "html": false,
        "json": true
      },
      "version": "6.2.0"
    }
  }
}