{
  "stats": {
    "suites": 1,
    "tests": 2,
    "passes": 2,
    "pending": 0,
    "failures": 0,
    "start": "2022-12-31T15:16:42.836Z",
    "end": "2022-12-31T15:16:52.755Z",
    "duration": 9919,
    "testsRegistered": 2,
    "passPercent": 100,
    "pendingPercent": 0,
    "other": 0,
    "hasOther": false,
    "skipped": 0,
    "hasSkipped": false
  },
  "results": [
    {
      "uuid": "18dfac04-b0c5-4068-b759-e3e5a99688b8",
      "title": "",
      "fullFile": "cypress\\e2e\\POMTests\\ContactPageTestsWithFixures.cy.js",
      "file": "cypress\\e2e\\POMTests\\ContactPageTestsWithFixures.cy.js",
      "beforeHooks": [],
      "afterHooks": [],
      "tests": [],
      "suites": [
        {
          "uuid": "a53d0fae-9bbc-4daa-b2e8-8d649dc160aa",
          "title": "Contact Page Test Cases with Fixture File",
          "fullFile": "",
          "file": "",
          "beforeHooks": [],
          "afterHooks": [],
          "tests": [
            {
              "title": "Test Case 1 : Fill ENQUIRE NOW form with use of fixure file",
              "fullTitle": "Contact Page Test Cases with Fixture File Test Case 1 : Fill ENQUIRE NOW form with use of fixure file",
              "timedOut": null,
              "duration": 4763,
              "state": "passed",
              "speed": "fast",
              "pass": true,
              "fail": false,
              "pending": false,
              "context": null,
              "code": "contactactions.SelectInqueryFor(data.courseselection);\ncontactactions.enterFirstLastName(data.firstname, data.lastname);\ncontactactions.enterMobileNo(data.mobileno);\ncontactactions.enterEmail(data.email);\ncontactactions.enterMessage(data.message);",
              "err": {},
              "uuid": "a8c422a9-cfcb-4402-8914-336842583e9d",
              "parentUUID": "a53d0fae-9bbc-4daa-b2e8-8d649dc160aa",
              "isHook": false,
              "skipped": false
            },
            {
              "title": "Test Case 4 : Fill ENQUIRE NOW form Blank field Verification",
              "fullTitle": "Contact Page Test Cases with Fixture File Test Case 4 : Fill ENQUIRE NOW form Blank field Verification",
              "timedOut": null,
              "duration": 1579,
              "state": "passed",
              "speed": "fast",
              "pass": true,
              "fail": false,
              "pending": false,
              "context": null,
              "code": "contactactions.clickSubmitBtn();\ncontactactions.firstLastNameValidation(data.blankfieldvalidationmsg);\ncontactactions.mobileValidation(data.blankfieldvalidationmsg);\ncontactactions.emailValidation(data.blankfieldvalidationmsg);\ncontactactions.messageValidation(data.blankfieldvalidationmsg);",
              "err": {},
              "uuid": "6cc5a196-96ca-44d2-a49a-782985223b71",
              "parentUUID": "a53d0fae-9bbc-4daa-b2e8-8d649dc160aa",
              "isHook": false,
              "skipped": false
            }
          ],
          "suites": [],
          "passes": [
            "a8c422a9-cfcb-4402-8914-336842583e9d",
            "6cc5a196-96ca-44d2-a49a-782985223b71"
          ],
          "failures": [],
          "pending": [],
          "skipped": [],
          "duration": 6342,
          "root": false,
          "rootEmpty": false,
          "_timeout": 2000
        }
      ],
      "passes": [],
      "failures": [],
      "pending": [],
      "skipped": [],
      "duration": 0,
      "root": true,
      "rootEmpty": true,
      "_timeout": 2000
    }
  ],
  "meta": {
    "mocha": {
      "version": "7.0.1"
    },
    "mochawesome": {
      "options": {
        "quiet": false,
        "reportFilename": "mochawesome",
        "saveHtml": false,
        "saveJson": true,
        "consoleReporter": "spec",
        "useInlineDiffs": false,
        "code": true
      },
      "version": "7.1.3"
    },
    "marge": {
      "options": {
        "id": "default",
        "reportDir": "cypress/reports/mocha",
        "quite": true,
        "overwrite": false,
        "html": false,
        "json": true
      },
      "version": "6.2.0"
    }
  }
}