{
  "stats": {
    "suites": 1,
    "tests": 2,
    "passes": 2,
    "pending": 0,
    "failures": 0,
    "start": "2022-12-25T12:01:31.226Z",
    "end": "2022-12-25T12:01:42.251Z",
    "duration": 11025,
    "testsRegistered": 2,
    "passPercent": 100,
    "pendingPercent": 0,
    "other": 0,
    "hasOther": false,
    "skipped": 0,
    "hasSkipped": false
  },
  "results": [
    {
      "uuid": "9afc567a-3fc5-43ed-bc79-f757a65a1db5",
      "title": "",
      "fullFile": "cypress\\e2e\\POMTests\\ContactPageTestsWithFixures.cy.js",
      "file": "cypress\\e2e\\POMTests\\ContactPageTestsWithFixures.cy.js",
      "beforeHooks": [],
      "afterHooks": [],
      "tests": [],
      "suites": [
        {
          "uuid": "311a4171-fb1d-45c4-bea1-dcb1d5469731",
          "title": "Contact Page Test Cases with Fixture File",
          "fullFile": "",
          "file": "",
          "beforeHooks": [],
          "afterHooks": [],
          "tests": [
            {
              "title": "Test Case 1 : Fill ENQUIRE NOW form with use of fixure file",
              "fullTitle": "Contact Page Test Cases with Fixture File Test Case 1 : Fill ENQUIRE NOW form with use of fixure file",
              "timedOut": null,
              "duration": 3895,
              "state": "passed",
              "speed": "fast",
              "pass": true,
              "fail": false,
              "pending": false,
              "context": null,
              "code": "contactactions.SelectInqueryFor(data.courseselection);\ncontactactions.enterFirstLastName(data.firstname, data.lastname);\ncontactactions.enterMobileNo(data.mobileno);\ncontactactions.enterEmail(data.email);\ncontactactions.enterMessage(data.message);",
              "err": {},
              "uuid": "e814eb89-007e-4320-aa7c-f6a70130f54d",
              "parentUUID": "311a4171-fb1d-45c4-bea1-dcb1d5469731",
              "isHook": false,
              "skipped": false
            },
            {
              "title": "Test Case 4 : Fill ENQUIRE NOW form Blank field Verification",
              "fullTitle": "Contact Page Test Cases with Fixture File Test Case 4 : Fill ENQUIRE NOW form Blank field Verification",
              "timedOut": null,
              "duration": 3541,
              "state": "passed",
              "speed": "fast",
              "pass": true,
              "fail": false,
              "pending": false,
              "context": null,
              "code": "contactactions.clickSubmitBtn();\ncontactactions.firstLastNameValidation(data.blankfieldvalidationmsg);\ncontactactions.mobileValidation(data.blankfieldvalidationmsg);\ncontactactions.emailValidation(data.blankfieldvalidationmsg);\ncontactactions.messageValidation(data.blankfieldvalidationmsg);",
              "err": {},
              "uuid": "72785df0-774e-48e5-98a9-aeb406529328",
              "parentUUID": "311a4171-fb1d-45c4-bea1-dcb1d5469731",
              "isHook": false,
              "skipped": false
            }
          ],
          "suites": [],
          "passes": [
            "e814eb89-007e-4320-aa7c-f6a70130f54d",
            "72785df0-774e-48e5-98a9-aeb406529328"
          ],
          "failures": [],
          "pending": [],
          "skipped": [],
          "duration": 7436,
          "root": false,
          "rootEmpty": false,
          "_timeout": 2000
        }
      ],
      "passes": [],
      "failures": [],
      "pending": [],
      "skipped": [],
      "duration": 0,
      "root": true,
      "rootEmpty": true,
      "_timeout": 2000
    }
  ],
  "meta": {
    "mocha": {
      "version": "7.0.1"
    },
    "mochawesome": {
      "options": {
        "quiet": false,
        "reportFilename": "mochawesome",
        "saveHtml": false,
        "saveJson": true,
        "consoleReporter": "spec",
        "useInlineDiffs": false,
        "code": true
      },
      "version": "7.1.3"
    },
    "marge": {
      "options": {
        "id": "default",
        "reportDir": "cypress/reports/mocha",
        "quite": true,
        "overwrite": false,
        "html": false,
        "json": true
      },
      "version": "6.2.0"
    }
  }
}