{
  "stats": {
    "suites": 1,
    "tests": 4,
    "passes": 3,
    "pending": 0,
    "failures": 1,
    "start": "2022-12-17T08:41:12.850Z",
    "end": "2022-12-17T08:41:38.456Z",
    "duration": 25606,
    "testsRegistered": 4,
    "passPercent": 75,
    "pendingPercent": 0,
    "other": 0,
    "hasOther": false,
    "skipped": 0,
    "hasSkipped": false
  },
  "results": [
    {
      "uuid": "171af0b9-f16d-4e76-b590-c3a84dbe896d",
      "title": "",
      "fullFile": "cypress\\e2e\\POMTests\\ContactPageTests.cy.js",
      "file": "cypress\\e2e\\POMTests\\ContactPageTests.cy.js",
      "beforeHooks": [],
      "afterHooks": [],
      "tests": [],
      "suites": [
        {
          "uuid": "943e9c6c-da7a-411f-8592-3d88acedbfd3",
          "title": "Contact Page Test Cases",
          "fullFile": "",
          "file": "",
          "beforeHooks": [],
          "afterHooks": [],
          "tests": [
            {
              "title": "Test Case 1 : Verify page title",
              "fullTitle": "Contact Page Test Cases Test Case 1 : Verify page title",
              "timedOut": null,
              "duration": 2814,
              "state": "passed",
              "speed": "fast",
              "pass": true,
              "fail": false,
              "pending": false,
              "context": null,
              "code": "contactactions.verifyPagetitle();",
              "err": {},
              "uuid": "6fd1e2f4-aac3-408d-bd04-5e3ab6f4bbde",
              "parentUUID": "943e9c6c-da7a-411f-8592-3d88acedbfd3",
              "isHook": false,
              "skipped": false
            },
            {
              "title": "Test Case 2 : Verify current page URL",
              "fullTitle": "Contact Page Test Cases Test Case 2 : Verify current page URL",
              "timedOut": null,
              "duration": 958,
              "state": "passed",
              "speed": "fast",
              "pass": true,
              "fail": false,
              "pending": false,
              "context": null,
              "code": "contactactions.verifyPagecurrentURL();",
              "err": {},
              "uuid": "5eb0d2b1-666b-4498-8467-660381f1746a",
              "parentUUID": "943e9c6c-da7a-411f-8592-3d88acedbfd3",
              "isHook": false,
              "skipped": false
            },
            {
              "title": "Test Case 3 : Fill ENQUIRE NOW form",
              "fullTitle": "Contact Page Test Cases Test Case 3 : Fill ENQUIRE NOW form",
              "timedOut": null,
              "duration": 5000,
              "state": "passed",
              "speed": "fast",
              "pass": true,
              "fail": false,
              "pending": false,
              "context": null,
              "code": "contactactions.SelectInqueryFor('Selenium - Advanced');\ncontactactions.enterFirstLastName('Vipul', 'Patel');\ncontactactions.enterMobileNo('9638527412');\ncontactactions.enterEmail('inquiry@techivp.com');\ncontactactions.enterMessage('Hi There, I would like to register as student and like to learn Advanced Selenium. Please let me know about the fees and course duration');",
              "err": {},
              "uuid": "920bbed6-8ee6-4fe5-bf85-d66803441814",
              "parentUUID": "943e9c6c-da7a-411f-8592-3d88acedbfd3",
              "isHook": false,
              "skipped": false
            },
            {
              "title": "Test Case 4 : Fill ENQUIRE NOW form Blank field Verification",
              "fullTitle": "Contact Page Test Cases Test Case 4 : Fill ENQUIRE NOW form Blank field Verification",
              "timedOut": null,
              "duration": 6500,
              "state": "failed",
              "speed": null,
              "pass": false,
              "fail": true,
              "pending": false,
              "context": "\"assets/ContactPageTests.cy.js/Contact Page Test Cases -- Test Case 4 : Fill ENQUIRE NOW form Blank field Verification (failed).png\"",
              "code": "contactactions.clickSubmitBtn();\ncontactactions.firstLastNameValidation('This field is required1.');\ncontactactions.mobileValidation('This field is required1.');\ncontactactions.emailValidation('This field is required1.');\ncontactactions.messageValidation('This field is required1.');",
              "err": {
                "message": "AssertionError: Timed out retrying after 4000ms: expected '<label#contact_name-error.error>' to have text 'This field is required1.', but the text was 'This field is required.'",
                "estack": "AssertionError: Timed out retrying after 4000ms: expected '<label#contact_name-error.error>' to have text 'This field is required1.', but the text was 'This field is required.'\n    at ContactPageActions.firstLastNameValidation (webpack:///./cypress/pageobject/pageactions/ContactPageActions.cy.js:48:48)\n    at Context.eval (webpack:///./cypress/e2e/POMTests/ContactPageTests.cy.js:32:23)",
                "diff": "- 'This field is required.'\n+ 'This field is required1.'\n"
              },
              "uuid": "94975ab7-7719-4320-ae27-ed480e34cd20",
              "parentUUID": "943e9c6c-da7a-411f-8592-3d88acedbfd3",
              "isHook": false,
              "skipped": false
            }
          ],
          "suites": [],
          "passes": [
            "6fd1e2f4-aac3-408d-bd04-5e3ab6f4bbde",
            "5eb0d2b1-666b-4498-8467-660381f1746a",
            "920bbed6-8ee6-4fe5-bf85-d66803441814"
          ],
          "failures": [
            "94975ab7-7719-4320-ae27-ed480e34cd20"
          ],
          "pending": [],
          "skipped": [],
          "duration": 15272,
          "root": false,
          "rootEmpty": false,
          "_timeout": 2000
        }
      ],
      "passes": [],
      "failures": [],
      "pending": [],
      "skipped": [],
      "duration": 0,
      "root": true,
      "rootEmpty": true,
      "_timeout": 2000
    }
  ],
  "meta": {
    "mocha": {
      "version": "7.0.1"
    },
    "mochawesome": {
      "options": {
        "quiet": false,
        "reportFilename": "mochawesome",
        "saveHtml": false,
        "saveJson": true,
        "consoleReporter": "spec",
        "useInlineDiffs": false,
        "code": true
      },
      "version": "7.1.3"
    },
    "marge": {
      "options": {
        "id": "default",
        "reportDir": "cypress/reports/mocha",
        "quite": true,
        "overwrite": false,
        "html": false,
        "json": true
      },
      "version": "6.2.0"
    }
  }
}