{
  "stats": {
    "suites": 1,
    "tests": 5,
    "passes": 5,
    "pending": 0,
    "failures": 0,
    "start": "2022-12-25T12:38:16.987Z",
    "end": "2022-12-25T12:38:24.082Z",
    "duration": 7095,
    "testsRegistered": 5,
    "passPercent": 100,
    "pendingPercent": 0,
    "other": 0,
    "hasOther": false,
    "skipped": 0,
    "hasSkipped": false
  },
  "results": [
    {
      "uuid": "1ea48d3d-0985-4ee5-a940-0d0726a87d73",
      "title": "",
      "fullFile": "cypress\\e2e\\POMTests\\HomePageTests.cy.js",
      "file": "cypress\\e2e\\POMTests\\HomePageTests.cy.js",
      "beforeHooks": [],
      "afterHooks": [],
      "tests": [],
      "suites": [
        {
          "uuid": "78ef0aab-4697-425b-b392-ebe9095a76fa",
          "title": "Home Page Test Cases",
          "fullFile": "",
          "file": "",
          "beforeHooks": [],
          "afterHooks": [],
          "tests": [
            {
              "title": "Test Case 1 : Verify page title",
              "fullTitle": "Home Page Test Cases Test Case 1 : Verify page title",
              "timedOut": null,
              "duration": 928,
              "state": "passed",
              "speed": "fast",
              "pass": true,
              "fail": false,
              "pending": false,
              "context": null,
              "code": "homeactions.verifyPagetitle();",
              "err": {},
              "uuid": "e389f469-9209-4671-bc33-c0395fff21fa",
              "parentUUID": "78ef0aab-4697-425b-b392-ebe9095a76fa",
              "isHook": false,
              "skipped": false
            },
            {
              "title": "Test Case 2 : Verify page current url",
              "fullTitle": "Home Page Test Cases Test Case 2 : Verify page current url",
              "timedOut": null,
              "duration": 553,
              "state": "passed",
              "speed": "fast",
              "pass": true,
              "fail": false,
              "pending": false,
              "context": null,
              "code": "homeactions.verifyPagecurrentURL();",
              "err": {},
              "uuid": "fd6b278d-7623-401a-be13-b1461c86c6c7",
              "parentUUID": "78ef0aab-4697-425b-b392-ebe9095a76fa",
              "isHook": false,
              "skipped": false
            },
            {
              "title": "Test Case 3 : Click More button",
              "fullTitle": "Home Page Test Cases Test Case 3 : Click More button",
              "timedOut": null,
              "duration": 1326,
              "state": "passed",
              "speed": "fast",
              "pass": true,
              "fail": false,
              "pending": false,
              "context": null,
              "code": "homeactions.clickReadMoreBtn();",
              "err": {},
              "uuid": "2887b5ab-1b6e-471e-b2a6-633c4c95bc57",
              "parentUUID": "78ef0aab-4697-425b-b392-ebe9095a76fa",
              "isHook": false,
              "skipped": false
            },
            {
              "title": "Test Case 4 : Click Navigation Bar",
              "fullTitle": "Home Page Test Cases Test Case 4 : Click Navigation Bar",
              "timedOut": null,
              "duration": 1341,
              "state": "passed",
              "speed": "fast",
              "pass": true,
              "fail": false,
              "pending": false,
              "context": null,
              "code": "homeactions.clickNavBar();",
              "err": {},
              "uuid": "b5395f4c-128f-4b66-bc83-3bd853992774",
              "parentUUID": "78ef0aab-4697-425b-b392-ebe9095a76fa",
              "isHook": false,
              "skipped": false
            },
            {
              "title": "Test Case 5 : Verify Navigation Bar Options",
              "fullTitle": "Home Page Test Cases Test Case 5 : Verify Navigation Bar Options",
              "timedOut": null,
              "duration": 913,
              "state": "passed",
              "speed": "fast",
              "pass": true,
              "fail": false,
              "pending": false,
              "context": null,
              "code": "homeactions.verifyNavBarOptionList();",
              "err": {},
              "uuid": "bfb5237f-82b7-467c-9081-376282847795",
              "parentUUID": "78ef0aab-4697-425b-b392-ebe9095a76fa",
              "isHook": false,
              "skipped": false
            }
          ],
          "suites": [],
          "passes": [
            "e389f469-9209-4671-bc33-c0395fff21fa",
            "fd6b278d-7623-401a-be13-b1461c86c6c7",
            "2887b5ab-1b6e-471e-b2a6-633c4c95bc57",
            "b5395f4c-128f-4b66-bc83-3bd853992774",
            "bfb5237f-82b7-467c-9081-376282847795"
          ],
          "failures": [],
          "pending": [],
          "skipped": [],
          "duration": 5061,
          "root": false,
          "rootEmpty": false,
          "_timeout": 2000
        }
      ],
      "passes": [],
      "failures": [],
      "pending": [],
      "skipped": [],
      "duration": 0,
      "root": true,
      "rootEmpty": true,
      "_timeout": 2000
    }
  ],
  "meta": {
    "mocha": {
      "version": "7.0.1"
    },
    "mochawesome": {
      "options": {
        "quiet": false,
        "reportFilename": "mochawesome",
        "saveHtml": false,
        "saveJson": true,
        "consoleReporter": "spec",
        "useInlineDiffs": false,
        "code": true
      },
      "version": "7.1.3"
    },
    "marge": {
      "options": {
        "id": "default",
        "reportDir": "cypress/reports/mocha",
        "quite": true,
        "overwrite": false,
        "html": false,
        "json": true
      },
      "version": "6.2.0"
    }
  }
}