{
  "stats": {
    "suites": 1,
    "tests": 4,
    "passes": 3,
    "pending": 0,
    "failures": 1,
    "start": "2022-12-31T15:16:12.588Z",
    "end": "2022-12-31T15:16:35.689Z",
    "duration": 23101,
    "testsRegistered": 4,
    "passPercent": 75,
    "pendingPercent": 0,
    "other": 0,
    "hasOther": false,
    "skipped": 0,
    "hasSkipped": false
  },
  "results": [
    {
      "uuid": "709198c9-2f30-4cc2-abd1-0dbb50dd4aeb",
      "title": "",
      "fullFile": "cypress\\e2e\\POMTests\\ContactPageTests.cy.js",
      "file": "cypress\\e2e\\POMTests\\ContactPageTests.cy.js",
      "beforeHooks": [],
      "afterHooks": [],
      "tests": [],
      "suites": [
        {
          "uuid": "0ffecedb-0200-4c64-a743-68535c2a88cf",
          "title": "Contact Page Test Cases",
          "fullFile": "",
          "file": "",
          "beforeHooks": [],
          "afterHooks": [],
          "tests": [
            {
              "title": "Test Case 1 : Verify page title",
              "fullTitle": "Contact Page Test Cases Test Case 1 : Verify page title",
              "timedOut": null,
              "duration": 2757,
              "state": "passed",
              "speed": "fast",
              "pass": true,
              "fail": false,
              "pending": false,
              "context": null,
              "code": "contactactions.verifyPagetitle();",
              "err": {},
              "uuid": "f220346f-dca1-4f19-8050-9057c8c0ef02",
              "parentUUID": "0ffecedb-0200-4c64-a743-68535c2a88cf",
              "isHook": false,
              "skipped": false
            },
            {
              "title": "Test Case 2 : Verify current page URL",
              "fullTitle": "Contact Page Test Cases Test Case 2 : Verify current page URL",
              "timedOut": null,
              "duration": 928,
              "state": "passed",
              "speed": "fast",
              "pass": true,
              "fail": false,
              "pending": false,
              "context": null,
              "code": "contactactions.verifyPagecurrentURL();",
              "err": {},
              "uuid": "3e62e788-0b0a-4927-9357-a920c681c735",
              "parentUUID": "0ffecedb-0200-4c64-a743-68535c2a88cf",
              "isHook": false,
              "skipped": false
            },
            {
              "title": "Test Case 3 : Fill ENQUIRE NOW form",
              "fullTitle": "Contact Page Test Cases Test Case 3 : Fill ENQUIRE NOW form",
              "timedOut": null,
              "duration": 4289,
              "state": "passed",
              "speed": "fast",
              "pass": true,
              "fail": false,
              "pending": false,
              "context": null,
              "code": "contactactions.SelectInqueryFor('Selenium - Advanced');\ncontactactions.enterFirstLastName('Vipul', 'Patel');\ncontactactions.enterMobileNo('9638527412');\ncontactactions.enterEmail('inquiry@techivp.com');\ncontactactions.enterMessage('Hi There, I would like to register as student and like to learn Advanced Selenium. Please let me know about the fees and course duration');",
              "err": {},
              "uuid": "80dfc959-0612-42e6-81ac-984b6998d803",
              "parentUUID": "0ffecedb-0200-4c64-a743-68535c2a88cf",
              "isHook": false,
              "skipped": false
            },
            {
              "title": "Test Case 4-Fill ENQUIRE NOW form Blank field Verification",
              "fullTitle": "Contact Page Test Cases Test Case 4-Fill ENQUIRE NOW form Blank field Verification",
              "timedOut": null,
              "duration": 5763,
              "state": "failed",
              "speed": null,
              "pass": false,
              "fail": true,
              "pending": false,
              "context": "\"assets/ContactPageTests.cy.js/Contact Page Test Cases -- Test Case 4-Fill ENQUIRE NOW form Blank field Verification (failed).png\"",
              "code": "contactactions.clickSubmitBtn();\ncontactactions.firstLastNameValidation('This field is required1.');\ncontactactions.mobileValidation('This field is required1.');\ncontactactions.emailValidation('This field is required1.');\ncontactactions.messageValidation('This field is required1.');",
              "err": {
                "message": "AssertionError: Timed out retrying after 4000ms: expected '<label#contact_name-error.error>' to have text 'This field is required1.', but the text was 'This field is required.'",
                "estack": "AssertionError: Timed out retrying after 4000ms: expected '<label#contact_name-error.error>' to have text 'This field is required1.', but the text was 'This field is required.'\n    at ContactPageActions.firstLastNameValidation (webpack:///./cypress/pageobject/pageactions/ContactPageActions.cy.js:48:48)\n    at Context.eval (webpack:///./cypress/e2e/POMTests/ContactPageTests.cy.js:32:23)",
                "diff": "- 'This field is required.'\n+ 'This field is required1.'\n"
              },
              "uuid": "42ffe154-0a9b-4377-a748-f682a125a1a6",
              "parentUUID": "0ffecedb-0200-4c64-a743-68535c2a88cf",
              "isHook": false,
              "skipped": false
            }
          ],
          "suites": [],
          "passes": [
            "f220346f-dca1-4f19-8050-9057c8c0ef02",
            "3e62e788-0b0a-4927-9357-a920c681c735",
            "80dfc959-0612-42e6-81ac-984b6998d803"
          ],
          "failures": [
            "42ffe154-0a9b-4377-a748-f682a125a1a6"
          ],
          "pending": [],
          "skipped": [],
          "duration": 13737,
          "root": false,
          "rootEmpty": false,
          "_timeout": 2000
        }
      ],
      "passes": [],
      "failures": [],
      "pending": [],
      "skipped": [],
      "duration": 0,
      "root": true,
      "rootEmpty": true,
      "_timeout": 2000
    }
  ],
  "meta": {
    "mocha": {
      "version": "7.0.1"
    },
    "mochawesome": {
      "options": {
        "quiet": false,
        "reportFilename": "mochawesome",
        "saveHtml": false,
        "saveJson": true,
        "consoleReporter": "spec",
        "useInlineDiffs": false,
        "code": true
      },
      "version": "7.1.3"
    },
    "marge": {
      "options": {
        "id": "default",
        "reportDir": "cypress/reports/mocha",
        "quite": true,
        "overwrite": false,
        "html": false,
        "json": true
      },
      "version": "6.2.0"
    }
  }
}