{
  "stats": {
    "suites": 1,
    "tests": 4,
    "passes": 3,
    "pending": 0,
    "failures": 1,
    "start": "2022-12-25T12:37:21.716Z",
    "end": "2022-12-25T12:37:45.107Z",
    "duration": 23391,
    "testsRegistered": 4,
    "passPercent": 75,
    "pendingPercent": 0,
    "other": 0,
    "hasOther": false,
    "skipped": 0,
    "hasSkipped": false
  },
  "results": [
    {
      "uuid": "5d6c607a-af17-496c-aee7-05c33d1b5d1a",
      "title": "",
      "fullFile": "cypress\\e2e\\POMTests\\ContactPageTests.cy.js",
      "file": "cypress\\e2e\\POMTests\\ContactPageTests.cy.js",
      "beforeHooks": [],
      "afterHooks": [],
      "tests": [],
      "suites": [
        {
          "uuid": "1d0cf403-5f98-4f67-ae2c-16cc41245128",
          "title": "Contact Page Test Cases",
          "fullFile": "",
          "file": "",
          "beforeHooks": [],
          "afterHooks": [],
          "tests": [
            {
              "title": "Test Case 1 : Verify page title",
              "fullTitle": "Contact Page Test Cases Test Case 1 : Verify page title",
              "timedOut": null,
              "duration": 2487,
              "state": "passed",
              "speed": "fast",
              "pass": true,
              "fail": false,
              "pending": false,
              "context": null,
              "code": "contactactions.verifyPagetitle();",
              "err": {},
              "uuid": "bcc07994-4de8-47a5-be0a-ffcb55ed64f6",
              "parentUUID": "1d0cf403-5f98-4f67-ae2c-16cc41245128",
              "isHook": false,
              "skipped": false
            },
            {
              "title": "Test Case 2 : Verify current page URL",
              "fullTitle": "Contact Page Test Cases Test Case 2 : Verify current page URL",
              "timedOut": null,
              "duration": 1180,
              "state": "passed",
              "speed": "fast",
              "pass": true,
              "fail": false,
              "pending": false,
              "context": null,
              "code": "contactactions.verifyPagecurrentURL();",
              "err": {},
              "uuid": "61741d2a-a80f-41e2-99b0-08c1fd93a032",
              "parentUUID": "1d0cf403-5f98-4f67-ae2c-16cc41245128",
              "isHook": false,
              "skipped": false
            },
            {
              "title": "Test Case 3 : Fill ENQUIRE NOW form",
              "fullTitle": "Contact Page Test Cases Test Case 3 : Fill ENQUIRE NOW form",
              "timedOut": null,
              "duration": 4722,
              "state": "passed",
              "speed": "fast",
              "pass": true,
              "fail": false,
              "pending": false,
              "context": null,
              "code": "contactactions.SelectInqueryFor('Selenium - Advanced');\ncontactactions.enterFirstLastName('Vipul', 'Patel');\ncontactactions.enterMobileNo('9638527412');\ncontactactions.enterEmail('inquiry@techivp.com');\ncontactactions.enterMessage('Hi There, I would like to register as student and like to learn Advanced Selenium. Please let me know about the fees and course duration');",
              "err": {},
              "uuid": "d47e3ce5-e5ce-48a5-b0c7-2368431df512",
              "parentUUID": "1d0cf403-5f98-4f67-ae2c-16cc41245128",
              "isHook": false,
              "skipped": false
            },
            {
              "title": "Test Case 4-Fill ENQUIRE NOW form Blank field Verification",
              "fullTitle": "Contact Page Test Cases Test Case 4-Fill ENQUIRE NOW form Blank field Verification",
              "timedOut": null,
              "duration": 5819,
              "state": "failed",
              "speed": null,
              "pass": false,
              "fail": true,
              "pending": false,
              "context": "\"assets/ContactPageTests.cy.js/Contact Page Test Cases -- Test Case 4-Fill ENQUIRE NOW form Blank field Verification (failed).png\"",
              "code": "contactactions.clickSubmitBtn();\ncontactactions.firstLastNameValidation('This field is required1.');\ncontactactions.mobileValidation('This field is required1.');\ncontactactions.emailValidation('This field is required1.');\ncontactactions.messageValidation('This field is required1.');",
              "err": {
                "message": "AssertionError: Timed out retrying after 4000ms: expected '<label#contact_name-error.error>' to have text 'This field is required1.', but the text was 'This field is required.'",
                "estack": "AssertionError: Timed out retrying after 4000ms: expected '<label#contact_name-error.error>' to have text 'This field is required1.', but the text was 'This field is required.'\n    at ContactPageActions.firstLastNameValidation (webpack:///./cypress/pageobject/pageactions/ContactPageActions.cy.js:48:48)\n    at Context.eval (webpack:///./cypress/e2e/POMTests/ContactPageTests.cy.js:32:23)",
                "diff": "- 'This field is required.'\n+ 'This field is required1.'\n"
              },
              "uuid": "cb865cc3-ff6b-4521-9b0d-6fa78ba79e23",
              "parentUUID": "1d0cf403-5f98-4f67-ae2c-16cc41245128",
              "isHook": false,
              "skipped": false
            }
          ],
          "suites": [],
          "passes": [
            "bcc07994-4de8-47a5-be0a-ffcb55ed64f6",
            "61741d2a-a80f-41e2-99b0-08c1fd93a032",
            "d47e3ce5-e5ce-48a5-b0c7-2368431df512"
          ],
          "failures": [
            "cb865cc3-ff6b-4521-9b0d-6fa78ba79e23"
          ],
          "pending": [],
          "skipped": [],
          "duration": 14208,
          "root": false,
          "rootEmpty": false,
          "_timeout": 2000
        }
      ],
      "passes": [],
      "failures": [],
      "pending": [],
      "skipped": [],
      "duration": 0,
      "root": true,
      "rootEmpty": true,
      "_timeout": 2000
    }
  ],
  "meta": {
    "mocha": {
      "version": "7.0.1"
    },
    "mochawesome": {
      "options": {
        "quiet": false,
        "reportFilename": "mochawesome",
        "saveHtml": false,
        "saveJson": true,
        "consoleReporter": "spec",
        "useInlineDiffs": false,
        "code": true
      },
      "version": "7.1.3"
    },
    "marge": {
      "options": {
        "id": "default",
        "reportDir": "cypress/reports/mocha",
        "quite": true,
        "overwrite": false,
        "html": false,
        "json": true
      },
      "version": "6.2.0"
    }
  }
}